<?xml version="1.0" encoding="UTF-8"?>
<!-- Generated by org.testng.reporters.JUnitReportReporter -->
<testsuite skipped="0" hostname="DESKTOP-84A4S1J" name="com.leapxpert.tests.runner.TestRunner" tests="1" failures="0" timestamp="16 Jan 2022 14:06:56 GMT" time="50.000" errors="0">
  <testcase name="runScenario" time="50.000" classname="com.leapxpert.tests.runner.TestRunner"/>
</testsuite> <!-- com.leapxpert.tests.runner.TestRunner -->
